<?xml version="1.0" encoding="UTF-8"?>
<!-- Generated by org.testng.reporters.JUnitReportReporter -->
<testsuite hostname="DESKTOP-VAQKFJ2" failures="0" tests="4" name="api.test.UserTests2" time="7.777" errors="0" timestamp="2023-11-28T15:03:51 IST" skipped="0">
  <testcase classname="api.test.UserTests2" name="testPostUser" time="3.394"/>
  <system-out/>
  <testcase classname="api.test.UserTests2" name="testGetUser" time="1.144"/>
  <system-out/>
  <testcase classname="api.test.UserTests2" name="testUpdateUser" time="2.149"/>
  <system-out/>
  <testcase classname="api.test.UserTests2" name="testDeleteUser" time="1.090"/>
  <system-out/>
</testsuite> <!-- api.test.UserTests2 -->
