<?xml version="1.0" encoding="UTF-8"?>
<!-- Generated by org.testng.reporters.JUnitReportReporter -->
<testsuite hostname="DESKTOP-VAQKFJ2" failures="0" tests="6" name="api.test.DDTUserTests" time="10.573" errors="0" timestamp="2023-11-28T11:17:07 IST" skipped="0">
  <testcase classname="api.test.DDTUserTests" name="testPostUsers" time="1.552"/>
  <system-out/>
  <testcase classname="api.test.DDTUserTests" name="testPostUsers" time="1.533"/>
  <system-out/>
  <testcase classname="api.test.DDTUserTests" name="testPostUsers" time="3.036"/>
  <system-out/>
  <testcase classname="api.test.DDTUserTests" name="testDeleteUsers" time="1.467"/>
  <system-out/>
  <testcase classname="api.test.DDTUserTests" name="testDeleteUsers" time="1.461"/>
  <system-out/>
  <testcase classname="api.test.DDTUserTests" name="testDeleteUsers" time="1.524"/>
  <system-out/>
</testsuite> <!-- api.test.DDTUserTests -->
