<?xml version="1.0" encoding="UTF-8"?>
<!-- Generated by org.testng.reporters.JUnitReportReporter -->
<testsuite hostname="DESKTOP-VAQKFJ2" failures="0" tests="4" name="api.test.UserTests" time="7.666" errors="0" timestamp="2023-11-28T11:17:07 IST" skipped="0">
  <testcase classname="api.test.UserTests" name="testPostUser" time="1.430"/>
  <system-out/>
  <testcase classname="api.test.UserTests" name="testGetUser" time="1.544"/>
  <system-out/>
  <testcase classname="api.test.UserTests" name="testUpdateUser" time="3.158"/>
  <system-out/>
  <testcase classname="api.test.UserTests" name="testDeleteUser" time="1.534"/>
  <system-out/>
</testsuite> <!-- api.test.UserTests -->
