<?xml version="1.0" encoding="UTF-8"?>
<!-- Generated by org.testng.reporters.JUnitReportReporter -->
<testsuite hostname="DESKTOP-VAQKFJ2" failures="0" tests="4" name="api.test.UserTests" time="6.807" errors="0" timestamp="2023-11-28T16:32:13 IST" skipped="0">
  <testcase classname="api.test.UserTests" name="testPostUser" time="2.467"/>
  <system-out/>
  <testcase classname="api.test.UserTests" name="testGetUser" time="1.112"/>
  <system-out/>
  <testcase classname="api.test.UserTests" name="testUpdateUser" time="2.111"/>
  <system-out/>
  <testcase classname="api.test.UserTests" name="testDeleteUser" time="1.117"/>
  <system-out/>
</testsuite> <!-- api.test.UserTests -->
